<?xml version="1.0" encoding="UTF-8"?>
<!-- Generated by org.testng.reporters.JUnitReportReporter -->
<testsuite skipped="0" hostname="WIN-0NMH0BG7FC5" name="testcases.MyTest" tests="1" failures="0" timestamp="06 Jul 2017 05:48:08 GMT" time="5.878" errors="0">
  <testcase name="simpleTest" time="5.878" classname="testcases.MyTest"/>
</testsuite> <!-- testcases.MyTest -->
