<?xml version="1.0" encoding="UTF-8"?>
<!-- Generated by org.testng.reporters.JUnitReportReporter -->
<testsuite skipped="0" hostname="WIN-0NMH0BG7FC5" name="MyTest" tests="1" failures="0" timestamp="06 Jul 2017 05:41:57 GMT" time="5.742" errors="0">
  <testcase name="simpleTest" time="5.742" classname="MyTest"/>
</testsuite> <!-- MyTest -->
