<?xml version="1.0" encoding="UTF-8"?>
<!-- Generated by org.testng.reporters.JUnitReportReporter -->
<testsuite skipped="0" hostname="WIN-0NMH0BG7FC5" name="testcases.TestCalculator" tests="4" failures="0" timestamp="06 Jul 2017 08:10:48 GMT" time="26.938" errors="0">
  <testcase name="StartApplication" time="3.079" classname="testcases.TestCalculator"/>
  <testcase name="testBaufinanzierung_Antrag_Start" time="12.094" classname="testcases.TestCalculator"/>
  <testcase name="testBaufinanzierung_Antrag_Zinsen_Check" time="2.296" classname="testcases.TestCalculator"/>
  <testcase name="testBaufinanzierung_Antrag_Persoenlichen_Daten" time="9.469" classname="testcases.TestCalculator"/>
</testsuite> <!-- testcases.TestCalculator -->
