<?xml version="1.0" encoding="UTF-8"?>
<!-- Generated by org.testng.reporters.JUnitReportReporter -->
<testsuite skipped="0" hostname="WIN-0NMH0BG7FC5" name="profi.com.Test01.TestTitle" tests="1" failures="0" timestamp="05 Jul 2017 13:52:55 GMT" time="5.635" errors="0">
  <testcase name="simpleTest" time="5.635" classname="profi.com.Test01.TestTitle"/>
</testsuite> <!-- profi.com.Test01.TestTitle -->
